<?xml version="1.0" encoding="UTF-8"?>
<testng-results skipped="0" failed="0" ignored="0" total="1" passed="1">
  <reporter-output>
  </reporter-output>
  <suite name="Amazon Automation Script " duration-ms="25129" started-at="2019-05-12T20:54:33Z" finished-at="2019-05-12T20:54:58Z">
    <groups>
    </groups>
    <test name="AmazonTest" duration-ms="25129" started-at="2019-05-12T20:54:33Z" finished-at="2019-05-12T20:54:58Z">
      <class name="amazonTestPakage.HomePageTest">
        <test-method status="PASS" signature="setup(java.lang.String, java.lang.String, java.lang.String)[pri:0, instance:amazonTestPakage.HomePageTest@783e6358]" name="setup" is-config="true" duration-ms="4899" started-at="2019-05-12T20:54:33Z" finished-at="2019-05-12T20:54:38Z">
          <params>
            <param index="0">
              <value>
                <![CDATA[mac]]>
              </value>
            </param>
            <param index="1">
              <value>
                <![CDATA[https://www.amazon.com]]>
              </value>
            </param>
            <param index="2">
              <value>
                <![CDATA[chrome]]>
              </value>
            </param>
          </params>
          <reporter-output>
          </reporter-output>
        </test-method> <!-- setup -->
        <test-method status="PASS" signature="Amazonpage()[pri:0, instance:amazonTestPakage.HomePageTest@783e6358]" name="Amazonpage" duration-ms="16999" started-at="2019-05-12T20:54:38Z" finished-at="2019-05-12T20:54:55Z">
          <reporter-output>
          </reporter-output>
        </test-method> <!-- Amazonpage -->
        <test-method status="PASS" signature="Quit()[pri:0, instance:amazonTestPakage.HomePageTest@783e6358]" name="Quit" is-config="true" duration-ms="200" started-at="2019-05-12T20:54:55Z" finished-at="2019-05-12T20:54:55Z">
          <reporter-output>
          </reporter-output>
        </test-method> <!-- Quit -->
        <test-method status="PASS" signature="sleep()[pri:0, instance:amazonTestPakage.HomePageTest@783e6358]" name="sleep" is-config="true" duration-ms="3004" started-at="2019-05-12T20:54:55Z" finished-at="2019-05-12T20:54:58Z">
          <reporter-output>
          </reporter-output>
        </test-method> <!-- sleep -->
      </class> <!-- amazonTestPakage.HomePageTest -->
    </test> <!-- AmazonTest -->
  </suite> <!-- Amazon Automation Script  -->
</testng-results>
